2024-07-26T17:43:44.307Z [info]: Server listening on port 8001
2024-07-26T17:43:48.723Z [info]: Database connected
2024-07-26T17:43:57.209Z [info]: Server listening on port 8001
2024-07-26T17:43:59.162Z [info]: Database connected
2024-07-26T18:28:35.718Z [info]: Server listening on port 8001
2024-07-26T18:28:37.715Z [info]: Database connected
2024-07-26T18:28:39.110Z [info]: Server listening on port 8001
2024-07-26T18:28:39.807Z [info]: Database connected
2024-07-26T18:28:52.383Z [info]: Server listening on port 8001
2024-07-26T18:28:53.050Z [info]: Database connected
2024-07-26T18:29:21.926Z [info]: ::1 - - [26/Jul/2024:18:29:21 +0000] "POST /auth/login HTTP/1.1" 200 134 "-" "PostmanRuntime/7.40.0"
2024-07-26T18:52:23.700Z [warn]: MongoDB disconnected!
2024-07-26T18:54:25.746Z [info]: Server listening on port 8001
2024-07-26T18:54:26.907Z [info]: Database connected
2024-07-26T18:54:44.579Z [info]: Server listening on port 8001
2024-07-26T18:54:45.320Z [info]: Database connected
2024-07-26T18:55:52.198Z [info]: Server listening on port 8001
2024-07-26T18:55:53.367Z [info]: Database connected
2024-07-26T19:08:25.927Z [info]: Server listening on port 8001
2024-07-26T19:08:26.905Z [info]: Database connected
2024-07-26T19:08:27.640Z [info]: Server listening on port 8001
2024-07-26T19:08:28.327Z [info]: Database connected
2024-07-26T19:33:43.221Z [info]: Server listening on port 8001
2024-07-26T19:33:45.032Z [info]: Database connected
2024-07-26T20:00:07.154Z [info]: Server listening on port 8001
2024-07-26T20:00:11.426Z [info]: Database connected
2024-07-26T20:04:40.922Z [info]: Server listening on port 8001
2024-07-26T20:04:41.915Z [info]: Database connected
2024-07-26T20:05:26.326Z [info]: Server listening on port 8001
2024-07-26T20:05:26.965Z [info]: Database connected
2024-07-26T20:05:49.121Z [info]: Server listening on port 8001
2024-07-26T20:05:49.760Z [info]: Database connected
2024-07-26T20:07:41.550Z [info]: Server listening on port 8001
2024-07-26T20:07:43.289Z [info]: Database connected
2024-07-26T20:08:09.592Z [info]: Server listening on port 8001
2024-07-26T20:08:10.233Z [info]: Database connected
2024-07-26T20:08:26.354Z [info]: Server listening on port 8001
2024-07-26T20:08:27.020Z [info]: Database connected
2024-07-26T20:08:46.736Z [info]: Server listening on port 8001
2024-07-26T20:08:47.418Z [info]: Database connected
2024-07-27T07:26:29.402Z [info]: Server listening on port 8001
2024-07-27T07:26:38.742Z [info]: Database connected
2024-07-27T07:29:09.613Z [info]: Server listening on port 8001
2024-07-27T07:29:10.906Z [info]: Database connected
2024-07-27T07:38:13.495Z [info]: Server listening on port 8001
2024-07-27T07:38:14.385Z [info]: Database connected
2024-07-27T07:39:52.165Z [info]: Server listening on port 8001
2024-07-27T07:39:53.901Z [info]: Database connected
2024-07-27T07:40:29.817Z [info]: Server listening on port 8001
2024-07-27T07:40:30.505Z [info]: Database connected
2024-07-27T07:42:28.768Z [info]: Server listening on port 8001
2024-07-27T07:42:30.204Z [info]: Database connected
2024-07-27T07:44:48.144Z [info]: ::1 - - [27/Jul/2024:07:44:48 +0000] "POST /auth/login HTTP/1.1" 200 134 "-" "PostmanRuntime/7.40.0"
2024-07-27T07:44:52.400Z [info]: ::1 - - [27/Jul/2024:07:44:52 +0000] "POST /farmer/createfarm HTTP/1.1" 500 1187 "-" "PostmanRuntime/7.40.0"
2024-07-27T07:45:24.373Z [info]: Server listening on port 8001
2024-07-27T07:45:25.577Z [info]: Database connected
2024-07-27T07:45:26.984Z [info]: ::1 - - [27/Jul/2024:07:45:26 +0000] "POST /farmer/createfarm HTTP/1.1" 500 1186 "-" "PostmanRuntime/7.40.0"
2024-07-27T07:46:28.938Z [info]: Server listening on port 8001
2024-07-27T07:46:29.646Z [info]: Database connected
2024-07-27T07:46:32.124Z [info]: ::1 - - [27/Jul/2024:07:46:32 +0000] "POST /farmer/createfarm HTTP/1.1" 500 1186 "-" "PostmanRuntime/7.40.0"
2024-07-27T07:47:41.495Z [info]: Server listening on port 8001
2024-07-27T07:47:42.720Z [info]: Database connected
2024-07-27T07:47:49.757Z [info]: ::1 - - [27/Jul/2024:07:47:49 +0000] "POST /farmer/createfarm HTTP/1.1" 500 1109 "-" "PostmanRuntime/7.40.0"
2024-07-27T07:49:07.275Z [info]: Server listening on port 8001
2024-07-27T07:49:11.098Z [info]: ::1 - - [27/Jul/2024:07:49:11 +0000] "POST /farmer/createfarm HTTP/1.1" 300 22 "-" "PostmanRuntime/7.40.0"
2024-07-27T07:49:11.955Z [info]: Database connected
2024-07-27T07:49:24.800Z [info]: ::1 - - [27/Jul/2024:07:49:24 +0000] "POST /auth/login HTTP/1.1" 200 134 "-" "PostmanRuntime/7.40.0"
2024-07-27T07:49:30.903Z [info]: ::1 - - [27/Jul/2024:07:49:30 +0000] "POST /farmer/createfarm HTTP/1.1" 300 22 "-" "PostmanRuntime/7.40.0"
2024-07-27T07:50:43.104Z [info]: Server listening on port 8001
2024-07-27T07:50:44.649Z [info]: Database connected
2024-07-27T07:51:07.216Z [info]: ::1 - - [27/Jul/2024:07:51:07 +0000] "POST /farmer/createfarm HTTP/1.1" - - "-" "PostmanRuntime/7.40.0"
2024-07-27T07:51:12.487Z [info]: ::1 - - [27/Jul/2024:07:51:12 +0000] "POST /auth/login HTTP/1.1" 200 134 "-" "PostmanRuntime/7.40.0"
2024-07-27T07:54:30.715Z [info]: ::1 - - [27/Jul/2024:07:54:30 +0000] "POST /farmer/createfarm HTTP/1.1" - - "-" "PostmanRuntime/7.40.0"
2024-07-27T07:56:25.519Z [info]: ::1 - - [27/Jul/2024:07:56:25 +0000] "POST /farmer/createfarm HTTP/1.1" - - "-" "PostmanRuntime/7.40.0"
2024-07-27T07:56:40.588Z [info]: Server listening on port 8001
2024-07-27T07:56:41.511Z [info]: Database connected
2024-07-27T07:58:50.495Z [info]: Server listening on port 8001
2024-07-27T07:58:51.448Z [info]: Database connected
2024-07-27T07:59:05.367Z [info]: Server listening on port 8001
2024-07-27T07:59:06.039Z [info]: Database connected
2024-07-27T07:59:18.200Z [info]: Server listening on port 8001
2024-07-27T07:59:18.871Z [info]: Database connected
2024-07-27T08:01:12.093Z [info]: Server listening on port 8001
2024-07-27T08:01:12.999Z [info]: Database connected
2024-07-27T08:01:14.340Z [info]: Server listening on port 8001
2024-07-27T08:01:14.973Z [info]: Database connected
2024-07-27T08:01:39.204Z [info]: Server listening on port 8001
2024-07-27T08:01:39.889Z [info]: Database connected
2024-07-27T08:02:02.809Z [info]: Server listening on port 8001
2024-07-27T08:02:03.488Z [info]: Database connected
2024-07-27T08:02:05.067Z [info]: ::1 - - [27/Jul/2024:08:02:05 +0000] "POST /farmer/createfarm HTTP/1.1" 500 12 "-" "PostmanRuntime/7.40.0"
2024-07-27T08:02:36.473Z [info]: Server listening on port 8001
2024-07-27T08:02:37.813Z [info]: Database connected
2024-07-27T08:03:18.243Z [info]: Server listening on port 8001
2024-07-27T08:03:19.463Z [info]: Server listening on port 8001
2024-07-27T08:03:20.113Z [info]: Database connected
2024-07-27T08:03:23.600Z [info]: ::1 - - [27/Jul/2024:08:03:23 +0000] "POST /farmer/createfarm HTTP/1.1" 500 12 "-" "PostmanRuntime/7.40.0"
2024-07-27T08:05:48.447Z [info]: ::1 - - [27/Jul/2024:08:05:48 +0000] "POST /farmer/createfarm HTTP/1.1" 500 12 "-" "PostmanRuntime/7.40.0"
2024-07-27T08:06:09.109Z [info]: ::1 - - [27/Jul/2024:08:06:09 +0000] "POST /farmer/createfarm HTTP/1.1" 200 568 "-" "PostmanRuntime/7.40.0"
2024-07-27T08:16:04.965Z [info]: Server listening on port 8001
2024-07-27T08:16:07.025Z [info]: Database connected
2024-07-27T08:16:19.685Z [info]: Server listening on port 8001
2024-07-27T08:16:20.335Z [info]: Database connected
2024-07-27T08:16:29.018Z [info]: Server listening on port 8001
2024-07-27T08:16:29.675Z [info]: Database connected
2024-07-27T08:20:03.234Z [info]: Server listening on port 8001
2024-07-27T08:20:04.718Z [info]: Database connected
2024-07-27T08:22:25.726Z [info]: Server listening on port 8001
2024-07-27T08:22:27.477Z [info]: Database connected
2024-07-27T08:23:37.760Z [info]: Server listening on port 8001
2024-07-27T08:23:38.437Z [info]: Database connected
2024-07-27T08:44:19.332Z [warn]: MongoDB disconnected!
2024-07-27T08:45:14.348Z [info]: Server listening on port 8001
2024-07-27T08:45:15.823Z [info]: Database connected
2024-07-27T08:45:57.965Z [info]: Server listening on port 8001
2024-07-27T08:45:59.252Z [info]: Database connected
2024-07-27T08:46:01.259Z [info]: Server listening on port 8001
2024-07-27T08:46:01.892Z [info]: Database connected
2024-07-27T08:47:23.176Z [info]: Server listening on port 8001
2024-07-27T08:47:24.352Z [info]: Database connected
2024-07-27T08:50:05.093Z [info]: ::1 - - [27/Jul/2024:08:50:05 +0000] "POST /farmer/createproduct HTTP/1.1" 200 242 "-" "PostmanRuntime/7.40.0"
2024-07-27T08:53:31.665Z [info]: Server listening on port 8001
2024-07-27T08:53:33.193Z [info]: Database connected
2024-07-27T09:03:54.575Z [info]: Server listening on port 8001
2024-07-27T09:03:56.694Z [info]: Server listening on port 8001
2024-07-27T09:03:58.194Z [info]: Database connected
2024-07-27T09:04:32.050Z [info]: Server listening on port 8001
2024-07-27T09:04:32.582Z [info]: Server listening on port 8001
2024-07-27T09:04:33.214Z [info]: Database connected
2024-07-27T09:05:48.208Z [info]: ::1 - - [27/Jul/2024:09:05:48 +0000] "POST /farmer/updateproduct HTTP/1.1" 400 27 "-" "PostmanRuntime/7.40.0"
2024-07-27T09:06:07.863Z [info]: ::1 - - [27/Jul/2024:09:06:07 +0000] "POST /farmer/updateproduct/66a4b4bc9ff4d66dd912f87c HTTP/1.1" 404 185 "-" "PostmanRuntime/7.40.0"
2024-07-27T09:07:04.407Z [info]: ::1 - - [27/Jul/2024:09:07:04 +0000] "POST /farmer/updateproduct/66a4b4bc9ff4d66dd912f87c HTTP/1.1" 404 185 "-" "PostmanRuntime/7.40.0"
2024-07-27T09:08:04.528Z [info]: Server listening on port 8001
2024-07-27T09:08:05.630Z [info]: Database connected
2024-07-27T09:08:07.434Z [info]: ::1 - - [27/Jul/2024:09:08:07 +0000] "POST /farmer/updateproduct/66a4b4bc9ff4d66dd912f87c HTTP/1.1" 400 40 "-" "PostmanRuntime/7.40.0"
2024-07-27T09:08:13.271Z [info]: ::1 - - [27/Jul/2024:09:08:13 +0000] "POST /auth/login HTTP/1.1" 200 134 "-" "PostmanRuntime/7.40.0"
2024-07-27T09:08:19.970Z [info]: ::1 - - [27/Jul/2024:09:08:19 +0000] "POST /farmer/updateproduct/66a4b4bc9ff4d66dd912f87c HTTP/1.1" 400 40 "-" "PostmanRuntime/7.40.0"
2024-07-27T09:09:24.061Z [info]: Server listening on port 8001
2024-07-27T09:09:26.218Z [info]: Database connected
2024-07-27T09:09:26.869Z [info]: ::1 - - [27/Jul/2024:09:09:26 +0000] "POST /farmer/updateproduct/66a4b4bc9ff4d66dd912f87c HTTP/1.1" 400 40 "-" "PostmanRuntime/7.40.0"
2024-07-27T09:09:57.070Z [info]: Server listening on port 8001
2024-07-27T09:09:57.725Z [info]: Database connected
2024-07-27T09:09:58.812Z [info]: ::1 - - [27/Jul/2024:09:09:58 +0000] "POST /farmer/updateproduct/66a4b4bc9ff4d66dd912f87c HTTP/1.1" 400 40 "-" "PostmanRuntime/7.40.0"
2024-07-27T09:11:32.170Z [info]: Server listening on port 8001
2024-07-27T09:11:33.406Z [info]: Database connected
2024-07-27T09:11:37.855Z [info]: ::1 - - [27/Jul/2024:09:11:37 +0000] "POST /farmer/updateproduct/66a4b4bc9ff4d66dd912f87c HTTP/1.1" 500 12 "-" "PostmanRuntime/7.40.0"
2024-07-27T09:12:57.909Z [info]: Server listening on port 8001
2024-07-27T09:12:58.940Z [info]: Database connected
2024-07-27T09:13:03.618Z [info]: ::1 - - [27/Jul/2024:09:13:03 +0000] "POST /farmer/updateproduct/66a4b4bc9ff4d66dd912f87c HTTP/1.1" 400 40 "-" "PostmanRuntime/7.40.0"
2024-07-27T09:13:27.773Z [info]: Server listening on port 8001
2024-07-27T09:13:28.425Z [info]: Database connected
2024-07-27T09:13:29.601Z [info]: ::1 - - [27/Jul/2024:09:13:29 +0000] "POST /farmer/updateproduct/66a4b4bc9ff4d66dd912f87c HTTP/1.1" 200 242 "-" "PostmanRuntime/7.40.0"
2024-07-27T09:14:48.569Z [info]: ::1 - - [27/Jul/2024:09:14:48 +0000] "POST /farmer/updateproduct/66a4b4bc9ff4d66dd912f87c HTTP/1.1" 200 241 "-" "PostmanRuntime/7.40.0"
2024-07-27T09:16:23.207Z [info]: Server listening on port 8001
2024-07-27T09:16:25.868Z [info]: Database connected
2024-07-27T09:16:30.593Z [info]: Server listening on port 8001
2024-07-27T09:16:31.073Z [info]: Server listening on port 8001
2024-07-27T09:16:31.684Z [info]: Database connected
2024-07-27T09:19:24.533Z [info]: Server listening on port 8001
2024-07-27T09:19:25.594Z [info]: Database connected
2024-07-27T09:19:55.452Z [info]: Server listening on port 8001
2024-07-27T09:19:56.139Z [info]: Database connected
2024-07-27T09:20:32.528Z [info]: ::1 - - [27/Jul/2024:09:20:32 +0000] "POST /farmer/createproduct HTTP/1.1" 200 242 "-" "PostmanRuntime/7.40.0"
2024-07-27T09:21:07.953Z [info]: ::1 - - [27/Jul/2024:09:21:07 +0000] "DELETE /farmer/deleteproduct/66a4bbe0a9fc47f38bb3be0 HTTP/1.1" 500 12 "-" "PostmanRuntime/7.40.0"
2024-07-27T09:22:23.160Z [info]: ::1 - - [27/Jul/2024:09:22:23 +0000] "DELETE /farmer/deleteproduct/66a4bbe0a9fc47f38bb3be02 HTTP/1.1" 200 25 "-" "PostmanRuntime/7.40.0"
2024-07-27T09:26:18.648Z [info]: Server listening on port 8001
2024-07-27T09:26:19.847Z [info]: Database connected
2024-07-27T09:26:40.824Z [info]: ::1 - - [27/Jul/2024:09:26:40 +0000] "POST /farmer/createproduct HTTP/1.1" 200 242 "-" "PostmanRuntime/7.40.0"
2024-07-27T09:26:58.711Z [info]: ::1 - - [27/Jul/2024:09:26:58 +0000] "POST /farmer/updateproduct/66a4bd506b32bbfd3474bf85 HTTP/1.1" 200 241 "-" "PostmanRuntime/7.40.0"
2024-07-27T09:27:08.451Z [info]: ::1 - - [27/Jul/2024:09:27:08 +0000] "DELETE /farmer/deleteproduct/66a4bd506b32bbfd3474bf85 HTTP/1.1" 200 25 "-" "PostmanRuntime/7.40.0"
2024-07-27T09:28:01.566Z [info]: Server listening on port 8001
2024-07-27T09:28:02.992Z [info]: Database connected
2024-07-27T09:34:10.172Z [info]: Server listening on port 8001
2024-07-27T09:34:11.072Z [info]: Database connected
2024-07-27T09:34:51.632Z [info]: Server listening on port 8001
2024-07-27T09:34:52.287Z [info]: Database connected
2024-07-27T09:35:56.956Z [info]: ::1 - - [27/Jul/2024:09:35:56 +0000] "POST /farmer/updatefarm/66a4aa71cb82c2715984da56 HTTP/1.1" 500 12 "-" "PostmanRuntime/7.40.0"
2024-07-27T09:36:47.158Z [info]: ::1 - - [27/Jul/2024:09:36:47 +0000] "POST /farmer/updatefarm/66a4aa71cb82c2715984da56 HTTP/1.1" 500 12 "-" "PostmanRuntime/7.40.0"
2024-07-27T09:37:33.542Z [info]: Server listening on port 8001
2024-07-27T09:37:35.237Z [info]: Database connected
2024-07-27T09:37:36.127Z [info]: ::1 - - [27/Jul/2024:09:37:36 +0000] "POST /farmer/updatefarm/66a4aa71cb82c2715984da56 HTTP/1.1" 200 22 "-" "PostmanRuntime/7.40.0"
2024-07-27T09:39:58.549Z [info]: Server listening on port 8001
2024-07-27T09:39:59.823Z [info]: Database connected
2024-07-27T09:40:32.467Z [info]: Server listening on port 8001
2024-07-27T09:40:33.123Z [info]: Database connected
2024-07-27T09:40:55.071Z [info]: ::1 - - [27/Jul/2024:09:40:55 +0000] "DELETE /farmer/deletefarm/66a4aa71cb82c2715984da56 HTTP/1.1" 200 22 "-" "PostmanRuntime/7.40.0"
2024-07-27T10:31:45.023Z [warn]: MongoDB disconnected!
2024-07-27T10:39:03.493Z [info]: Server listening on port 8001
2024-07-27T10:39:05.869Z [info]: Database connected
2024-07-27T10:39:58.228Z [info]: Server listening on port 8001
2024-07-27T10:39:58.867Z [info]: Database connected
2024-07-27T10:40:00.211Z [info]: Server listening on port 8001
2024-07-27T10:40:00.870Z [info]: Database connected
2024-07-27T10:41:18.843Z [info]: Server listening on port 8001
2024-07-27T10:41:21.184Z [info]: Database connected
2024-07-27T10:41:54.015Z [info]: Server listening on port 8001
2024-07-27T10:41:54.747Z [info]: Database connected
2024-07-27T10:41:57.925Z [info]: Server listening on port 8001
2024-07-27T10:41:58.588Z [info]: Database connected
2024-07-27T10:42:10.026Z [info]: Server listening on port 8001
2024-07-27T10:42:10.673Z [info]: Database connected
2024-07-27T10:43:59.131Z [info]: Server listening on port 8001
2024-07-27T10:43:59.930Z [info]: Database connected
2024-07-27T10:44:01.230Z [info]: ::1 - - [27/Jul/2024:10:44:01 +0000] "GET /consumer/getallproducts HTTP/1.1" 200 243 "-" "PostmanRuntime/7.40.0"
2024-07-27T10:44:18.131Z [info]: ::1 - - [27/Jul/2024:10:44:18 +0000] "POST /farmer/createproduct HTTP/1.1" 200 242 "-" "PostmanRuntime/7.40.0"
2024-07-27T10:44:23.876Z [info]: ::1 - - [27/Jul/2024:10:44:23 +0000] "GET /consumer/getallproducts HTTP/1.1" 200 486 "-" "PostmanRuntime/7.40.0"
2024-07-27T10:44:47.823Z [info]: Server listening on port 8001
2024-07-27T10:44:48.609Z [info]: Database connected
2024-07-27T10:46:00.470Z [info]: Server listening on port 8001
2024-07-27T10:46:01.460Z [info]: Database connected
2024-07-27T10:50:16.873Z [info]: Server listening on port 8001
2024-07-27T10:50:18.602Z [info]: Database connected
2024-07-27T10:51:02.756Z [info]: Server listening on port 8001
2024-07-27T10:51:03.407Z [info]: Database connected
2024-07-27T10:51:42.900Z [info]: Server listening on port 8001
2024-07-27T10:51:43.668Z [info]: Database connected
2024-07-27T10:52:08.160Z [info]: ::1 - - [27/Jul/2024:10:52:08 +0000] "GET /farmer/getproductlisting/66a3e52d2982708da70bbcfd HTTP/1.1" 404 188 "-" "PostmanRuntime/7.40.0"
2024-07-27T10:53:12.644Z [info]: ::1 - - [27/Jul/2024:10:53:12 +0000] "GET /farmer/getproductlisting/66a3e52d2982708da70bbcfd HTTP/1.1" 404 188 "-" "PostmanRuntime/7.40.0"
2024-07-27T10:56:20.404Z [info]: Server listening on port 8001
2024-07-27T10:56:21.650Z [info]: Database connected
2024-07-27T10:56:55.352Z [info]: Server listening on port 8001
2024-07-27T10:56:56.015Z [info]: Database connected
2024-07-27T10:56:58.052Z [info]: ::1 - - [27/Jul/2024:10:56:58 +0000] "GET /farmer/getproductlisting/66a3e52d2982708da70bbcfd HTTP/1.1" 404 188 "-" "PostmanRuntime/7.40.0"
2024-07-27T10:57:07.850Z [info]: ::1 - - [27/Jul/2024:10:57:07 +0000] "GET /farmer/getproductlisting/66a3e52d2982708da70bbcfd HTTP/1.1" 404 188 "-" "PostmanRuntime/7.40.0"
2024-07-27T10:57:21.324Z [info]: ::1 - - [27/Jul/2024:10:57:21 +0000] "POST /auth/login HTTP/1.1" 200 134 "-" "PostmanRuntime/7.40.0"
2024-07-27T10:57:38.749Z [info]: ::1 - - [27/Jul/2024:10:57:38 +0000] "GET /farmer/getproductlisting/66a3e52d2982708da70bbcfd HTTP/1.1" 404 188 "-" "PostmanRuntime/7.40.0"
2024-07-27T10:57:59.876Z [info]: Server listening on port 8001
2024-07-27T10:58:01.608Z [info]: ::1 - - [27/Jul/2024:10:58:01 +0000] "GET /farmer/getproductlisting/66a3e52d2982708da70bbcfd HTTP/1.1" 404 188 "-" "PostmanRuntime/7.40.0"
2024-07-27T10:58:01.639Z [info]: Database connected
2024-07-27T10:58:08.353Z [info]: ::1 - - [27/Jul/2024:10:58:08 +0000] "GET /farmer/getproductlisting/66a3e52d2982708da70bbcfd HTTP/1.1" 404 188 "-" "PostmanRuntime/7.40.0"
2024-07-27T10:58:56.359Z [info]: Server listening on port 8001
2024-07-27T10:58:57.001Z [info]: Database connected
2024-07-27T10:59:00.200Z [info]: ::1 - - [27/Jul/2024:10:59:00 +0000] "GET /farmer/getproductlisting/66a3e52d2982708da70bbcfd HTTP/1.1" 404 188 "-" "PostmanRuntime/7.40.0"
2024-07-27T10:59:28.812Z [info]: Server listening on port 8001
2024-07-27T10:59:30.337Z [info]: Database connected
2024-07-27T10:59:31.177Z [info]: ::1 - - [27/Jul/2024:10:59:31 +0000] "GET /farmer/getproductlisting/66a3e52d2982708da70bbcfd HTTP/1.1" 500 12 "-" "PostmanRuntime/7.40.0"
2024-07-27T10:59:49.568Z [info]: Server listening on port 8001
2024-07-27T10:59:50.201Z [info]: Database connected
2024-07-27T11:00:41.086Z [info]: Server listening on port 8001
2024-07-27T11:00:42.497Z [info]: Database connected
2024-07-27T11:00:42.559Z [info]: ::1 - - [27/Jul/2024:11:00:42 +0000] "GET /farmer/getproductlisting/66a3e52d2982708da70bbcfd HTTP/1.1" 500 12 "-" "PostmanRuntime/7.40.0"
2024-07-27T11:01:36.253Z [info]: Server listening on port 8001
2024-07-27T11:01:36.910Z [info]: Database connected
2024-07-27T11:01:41.474Z [info]: ::1 - - [27/Jul/2024:11:01:41 +0000] "GET /farmer/getproductlisting/66a3e52d2982708da70bbcfd HTTP/1.1" 500 12 "-" "PostmanRuntime/7.40.0"
2024-07-27T11:03:32.586Z [info]: Server listening on port 8001
2024-07-27T11:03:33.534Z [info]: Database connected
2024-07-27T11:03:35.804Z [info]: ::1 - - [27/Jul/2024:11:03:35 +0000] "GET /farmer/getproductlisting/66a3e52d2982708da70bbcfd HTTP/1.1" 500 12 "-" "PostmanRuntime/7.40.0"
2024-07-27T11:04:04.202Z [info]: Server listening on port 8001
2024-07-27T11:04:04.903Z [info]: Database connected
2024-07-27T11:04:06.721Z [info]: ::1 - - [27/Jul/2024:11:04:06 +0000] "GET /farmer/getproductlisting/66a3e52d2982708da70bbcfd HTTP/1.1" 500 12 "-" "PostmanRuntime/7.40.0"
2024-07-27T11:05:46.912Z [info]: Server listening on port 8001
2024-07-27T11:05:48.729Z [info]: Database connected
2024-07-27T11:05:49.370Z [info]: ::1 - - [27/Jul/2024:11:05:49 +0000] "GET /farmer/getproductlisting/66a3e52d2982708da70bbcfd HTTP/1.1" 500 12 "-" "PostmanRuntime/7.40.0"
2024-07-27T11:07:05.027Z [info]: Server listening on port 8001
2024-07-27T11:07:05.777Z [info]: Database connected
2024-07-27T11:07:44.150Z [info]: Server listening on port 8001
2024-07-27T11:07:44.916Z [info]: Database connected
2024-07-27T11:07:46.559Z [info]: ::1 - - [27/Jul/2024:11:07:46 +0000] "GET /farmer/getproductlisting/66a3e52d2982708da70bbcfd HTTP/1.1" 200 486 "-" "PostmanRuntime/7.40.0"
2024-07-27T11:08:06.186Z [info]: Server listening on port 8001
2024-07-27T11:08:06.810Z [info]: Database connected
2024-07-27T11:10:11.604Z [info]: Server listening on port 8001
2024-07-27T11:10:12.467Z [info]: Database connected
2024-07-27T11:10:40.997Z [info]: Server listening on port 8001
2024-07-27T11:10:41.629Z [info]: Database connected
2024-07-27T11:11:51.984Z [info]: ::1 - - [27/Jul/2024:11:11:51 +0000] "GET /farmer/getfarmlisting/66a3e52d2982708da70bbcfd HTTP/1.1" 500 12 "-" "PostmanRuntime/7.40.0"
2024-07-27T11:12:12.417Z [info]: Server listening on port 8001
2024-07-27T11:12:13.688Z [info]: Database connected
2024-07-27T11:12:14.832Z [info]: ::1 - - [27/Jul/2024:11:12:14 +0000] "GET /farmer/getfarmlisting/66a3e52d2982708da70bbcfd HTTP/1.1" 200 588 "-" "PostmanRuntime/7.40.0"
2024-07-27T11:13:19.894Z [info]: Server listening on port 8001
2024-07-27T11:13:20.560Z [info]: Database connected
2024-07-27T11:13:44.582Z [info]: Server listening on port 8001
2024-07-27T11:13:45.345Z [info]: Database connected
2024-07-27T11:14:22.404Z [info]: ::1 - - [27/Jul/2024:11:14:22 +0000] "GET /consumer/getallfarms HTTP/1.1" 200 588 "-" "PostmanRuntime/7.40.0"
2024-07-27T11:14:31.934Z [info]: Server listening on port 8001
2024-07-27T11:14:32.617Z [info]: Database connected
2024-07-27T11:14:33.416Z [info]: Server listening on port 8001
2024-07-27T11:14:34.062Z [info]: Database connected
2024-07-27T11:18:22.163Z [info]: Server listening on port 8001
2024-07-27T11:18:23.865Z [info]: Server listening on port 8001
2024-07-27T11:18:24.413Z [info]: Server listening on port 8001
2024-07-27T11:18:25.098Z [info]: Database connected
2024-07-27T11:18:59.426Z [info]: Server listening on port 8001
2024-07-27T11:19:00.072Z [info]: Database connected
2024-07-27T11:19:08.135Z [info]: Server listening on port 8001
2024-07-27T11:19:08.762Z [info]: Database connected
2024-07-27T11:19:23.921Z [info]: ::1 - - [27/Jul/2024:11:19:23 +0000] "POST /farmer/createproduct HTTP/1.1" 500 12 "-" "PostmanRuntime/7.40.0"
2024-07-27T11:19:42.277Z [info]: ::1 - - [27/Jul/2024:11:19:42 +0000] "POST /farmer/createproduct HTTP/1.1" 200 263 "-" "PostmanRuntime/7.40.0"
2024-07-27T11:19:52.816Z [info]: ::1 - - [27/Jul/2024:11:19:52 +0000] "POST /farmer/createproduct HTTP/1.1" 200 265 "-" "PostmanRuntime/7.40.0"
2024-07-27T11:20:03.850Z [info]: ::1 - - [27/Jul/2024:11:20:03 +0000] "POST /farmer/updateproduct/66a4bd506b32bbfd3474bf85 HTTP/1.1" 400 27 "-" "PostmanRuntime/7.40.0"
2024-07-27T11:20:36.722Z [info]: ::1 - - [27/Jul/2024:11:20:36 +0000] "POST /farmer/updateproduct/66a4d7d8f05439e115813ed1 HTTP/1.1" 500 12 "-" "PostmanRuntime/7.40.0"
2024-07-27T11:21:17.590Z [info]: Server listening on port 8001
2024-07-27T11:21:18.361Z [info]: Database connected
2024-07-27T11:21:21.588Z [info]: ::1 - - [27/Jul/2024:11:21:21 +0000] "POST /farmer/updateproduct/66a4d7d8f05439e115813ed1 HTTP/1.1" 500 12 "-" "PostmanRuntime/7.40.0"
2024-07-27T11:21:42.165Z [info]: Server listening on port 8001
2024-07-27T11:21:42.801Z [info]: Database connected
2024-07-27T11:22:32.982Z [info]: Server listening on port 8001
2024-07-27T11:22:33.656Z [info]: Database connected
2024-07-27T11:22:35.873Z [info]: ::1 - - [27/Jul/2024:11:22:35 +0000] "POST /farmer/updateproduct/66a4d7d8f05439e115813ed1 HTTP/1.1" 500 12 "-" "PostmanRuntime/7.40.0"
2024-07-27T11:22:46.032Z [info]: Server listening on port 8001
2024-07-27T11:22:47.883Z [info]: Database connected
2024-07-27T11:23:08.411Z [info]: Server listening on port 8001
2024-07-27T11:23:09.083Z [info]: Database connected
2024-07-27T11:23:11.596Z [info]: ::1 - - [27/Jul/2024:11:23:11 +0000] "POST /farmer/updateproduct/66a4d7d8f05439e115813ed1 HTTP/1.1" 200 263 "-" "PostmanRuntime/7.40.0"
2024-07-27T11:23:36.835Z [info]: Server listening on port 8001
2024-07-27T11:23:37.574Z [info]: Database connected
2024-07-27T11:23:40.742Z [info]: ::1 - - [27/Jul/2024:11:23:40 +0000] "POST /farmer/updateproduct/66a4d7d8f05439e115813ed1 HTTP/1.1" 200 263 "-" "PostmanRuntime/7.40.0"
2024-07-27T11:24:35.003Z [info]: Server listening on port 8001
2024-07-27T11:24:36.354Z [info]: Database connected
2024-07-27T11:26:26.620Z [info]: Server listening on port 8001
2024-07-27T11:26:27.858Z [info]: Database connected
2024-07-27T11:26:38.789Z [info]: Server listening on port 8001
2024-07-27T11:26:39.441Z [info]: Database connected
2024-07-27T11:27:06.792Z [info]: Server listening on port 8001
2024-07-27T11:27:07.451Z [info]: Database connected
2024-07-27T11:27:54.358Z [info]: ::1 - - [27/Jul/2024:11:27:54 +0000] "GET /consumer/productbycategory/organic HTTP/1.1" 404 173 "-" "PostmanRuntime/7.40.0"
2024-07-27T11:28:15.584Z [info]: Server listening on port 8001
2024-07-27T11:28:16.851Z [info]: Database connected
2024-07-27T11:28:38.532Z [info]: Server listening on port 8001
2024-07-27T11:28:39.189Z [info]: Database connected
2024-07-27T11:28:40.441Z [info]: ::1 - - [27/Jul/2024:11:28:40 +0000] "GET /consumer/productbycategory/organic HTTP/1.1" 404 173 "-" "PostmanRuntime/7.40.0"
2024-07-27T11:28:49.771Z [info]: ::1 - - [27/Jul/2024:11:28:49 +0000] "GET /consumer/productcategory/organic HTTP/1.1" 200 2 "-" "PostmanRuntime/7.40.0"
2024-07-27T11:28:56.537Z [info]: ::1 - - [27/Jul/2024:11:28:56 +0000] "GET /consumer/productcategory/inorganic HTTP/1.1" 200 2 "-" "PostmanRuntime/7.40.0"
2024-07-27T11:29:07.673Z [info]: ::1 - - [27/Jul/2024:11:29:07 +0000] "GET /consumer/getallproducts HTTP/1.1" 200 1056 "-" "PostmanRuntime/7.40.0"
2024-07-27T11:29:36.268Z [info]: Server listening on port 8001
2024-07-27T11:29:37.054Z [info]: Database connected
2024-07-27T11:29:40.726Z [info]: ::1 - - [27/Jul/2024:11:29:40 +0000] "GET /consumer/productcategory/inorganic HTTP/1.1" 200 265 "-" "PostmanRuntime/7.40.0"
2024-07-27T11:29:48.676Z [info]: ::1 - - [27/Jul/2024:11:29:48 +0000] "GET /consumer/productcategory/organic HTTP/1.1" 200 265 "-" "PostmanRuntime/7.40.0"
2024-07-27T14:28:39.002Z [warn]: MongoDB disconnected!
2024-07-27T14:37:41.642Z [warn]: MongoDB disconnected!
2024-07-27T15:56:07.881Z [warn]: MongoDB disconnected!
2024-07-27T16:55:03.117Z [warn]: MongoDB disconnected!
2024-07-29T09:57:32.138Z [warn]: MongoDB disconnected!
2024-07-29T09:59:42.148Z [warn]: MongoDB disconnected!
2024-07-29T10:05:54.311Z [info]: Server listening on port 8001
2024-07-29T10:05:56.851Z [info]: Database connected
2024-07-29T10:14:50.398Z [info]: Server listening on port 8001
2024-07-29T10:14:53.191Z [info]: Database connected
2024-07-29T10:15:02.593Z [info]: Server listening on port 8001
2024-07-29T10:15:03.852Z [info]: Database connected
2024-07-29T10:16:06.461Z [info]: Server listening on port 8001
2024-07-29T10:16:07.765Z [info]: Database connected
2024-07-29T10:17:05.956Z [info]: ::1 - - [29/Jul/2024:10:17:05 +0000] "POST /auth/forgetpass HTTP/1.1" - - "-" "PostmanRuntime/7.40.0"
2024-07-29T10:18:36.033Z [info]: ::1 - - [29/Jul/2024:10:18:36 +0000] "POST /auth/forgetpass HTTP/1.1" - - "-" "PostmanRuntime/7.40.0"
2024-07-29T10:19:32.173Z [info]: Server listening on port 8001
2024-07-29T10:19:34.279Z [info]: Database connected
2024-07-29T10:20:23.963Z [info]: Server listening on port 8001
2024-07-29T10:20:25.438Z [info]: Database connected
2024-07-29T10:21:43.427Z [info]: Server listening on port 8001
2024-07-29T10:21:46.594Z [info]: Database connected
2024-07-29T10:22:16.860Z [info]: Server listening on port 8001
2024-07-29T10:22:18.719Z [info]: Database connected
2024-07-29T10:22:42.205Z [info]: Server listening on port 8001
2024-07-29T10:22:43.464Z [info]: Database connected
2024-07-29T10:22:45.200Z [info]: ::1 - - [29/Jul/2024:10:22:45 +0000] "POST /auth/forgetpass HTTP/1.1" 200 4 "-" "PostmanRuntime/7.40.0"
2024-07-29T10:24:31.515Z [info]: Server listening on port 8001
2024-07-29T10:24:35.599Z [info]: Database connected
2024-07-29T10:30:42.960Z [info]: Server listening on port 8001
2024-07-29T10:30:48.130Z [info]: Database connected
2024-07-29T10:39:09.849Z [info]: Server listening on port 8001
2024-07-29T10:39:11.549Z [info]: Database connected
2024-07-29T10:39:20.811Z [info]: Server listening on port 8001
2024-07-29T10:39:22.954Z [info]: Database connected
2024-07-29T10:39:27.206Z [info]: Server listening on port 8001
2024-07-29T10:39:28.497Z [info]: Database connected
2024-07-29T10:40:01.834Z [info]: Server listening on port 8001
2024-07-29T10:40:03.014Z [info]: Database connected
2024-07-29T10:41:21.194Z [info]: Server listening on port 8001
2024-07-29T10:41:22.626Z [info]: Database connected
2024-07-29T10:41:23.051Z [info]: ::1 - - [29/Jul/2024:10:41:23 +0000] "POST /auth/getrole HTTP/1.1" 200 6 "-" "PostmanRuntime/7.40.0"
2024-07-29T10:49:50.525Z [info]: Server listening on port 8001
2024-07-29T10:49:51.944Z [info]: Database connected
2024-07-29T10:50:46.575Z [info]: Server listening on port 8001
2024-07-29T10:50:47.867Z [info]: Database connected
2024-07-29T10:51:06.797Z [info]: Server listening on port 8001
2024-07-29T10:51:07.988Z [info]: Database connected
2024-07-29T10:51:27.834Z [info]: Server listening on port 8001
2024-07-29T10:51:30.159Z [info]: Database connected
2024-07-29T10:53:17.013Z [info]: Server listening on port 8001
2024-07-29T10:53:19.229Z [info]: Database connected
2024-07-29T10:56:00.180Z [info]: Server listening on port 8001
2024-07-29T10:56:01.704Z [info]: Database connected
2024-07-29T10:57:44.133Z [info]: Server listening on port 8001
2024-07-29T10:57:47.255Z [info]: Database connected
2024-07-29T10:59:46.352Z [info]: Server listening on port 8001
2024-07-29T10:59:48.242Z [info]: Server listening on port 8001
2024-07-29T10:59:49.422Z [info]: Database connected
2024-07-29T11:04:56.586Z [info]: Server listening on port 8001
2024-07-29T11:04:58.016Z [info]: Server listening on port 8001
2024-07-29T11:04:59.260Z [info]: Database connected
2024-07-29T11:11:30.952Z [info]: Server listening on port 8001
2024-07-29T11:11:32.419Z [info]: Database connected
2024-07-29T11:18:19.158Z [info]: Server listening on port 8001
2024-07-29T11:18:21.209Z [info]: Database connected
2024-07-29T11:27:11.684Z [info]: Server listening on port 8001
2024-07-29T11:27:15.591Z [info]: Database connected
2024-07-29T11:27:40.659Z [info]: Server listening on port 8001
2024-07-29T11:27:41.804Z [info]: Database connected
2024-07-29T11:29:02.636Z [info]: Server listening on port 8001
2024-07-29T11:29:04.772Z [info]: Database connected
2024-07-29T11:29:52.069Z [info]: Server listening on port 8001
2024-07-29T11:29:53.407Z [info]: Database connected
2024-07-29T11:30:09.165Z [info]: Server listening on port 8001
2024-07-29T11:30:13.028Z [info]: Database connected
2024-07-29T11:31:05.814Z [info]: Server listening on port 8001
2024-07-29T11:31:08.765Z [info]: Database connected
2024-07-29T11:36:10.222Z [info]: Server listening on port 8001
2024-07-29T11:36:13.402Z [info]: Database connected
2024-07-29T11:58:56.319Z [info]: Server listening on port 8001
2024-07-29T11:58:57.946Z [info]: Database connected
2024-07-29T11:59:11.891Z [info]: Server listening on port 8001
2024-07-29T11:59:14.082Z [info]: Database connected
2024-07-29T12:00:10.431Z [info]: Server listening on port 8001
2024-07-29T12:00:11.706Z [info]: Database connected
2024-07-29T12:01:31.019Z [info]: Server listening on port 8001
2024-07-29T12:01:34.448Z [info]: Database connected
2024-07-29T12:03:23.082Z [info]: Server listening on port 8001
2024-07-29T12:03:26.165Z [info]: Database connected
2024-07-29T12:04:33.520Z [info]: Server listening on port 8001
2024-07-29T12:04:34.705Z [info]: Database connected
2024-07-29T12:05:40.376Z [info]: Server listening on port 8001
2024-07-29T12:05:42.785Z [info]: Database connected
2024-07-29T12:06:22.686Z [info]: Server listening on port 8001
2024-07-29T12:06:25.067Z [info]: Database connected
2024-07-29T12:06:28.132Z [info]: Server listening on port 8001
2024-07-29T12:06:29.742Z [info]: Database connected
2024-07-29T12:07:00.711Z [info]: ::1 - - [29/Jul/2024:12:07:00 +0000] "POST /auth/forgetpass HTTP/1.1" 200 4 "-" "PostmanRuntime/7.40.0"
2024-07-29T12:08:50.249Z [info]: Server listening on port 8001
2024-07-29T12:08:52.580Z [info]: Database connected
2024-07-29T12:08:53.872Z [info]: ::1 - - [29/Jul/2024:12:08:53 +0000] "POST /auth/forgetpass HTTP/1.1" 200 4 "-" "PostmanRuntime/7.40.0"
2024-07-29T12:10:13.724Z [info]: Server listening on port 8001
2024-07-29T12:10:15.724Z [info]: Database connected
2024-07-29T12:10:17.398Z [info]: ::1 - - [29/Jul/2024:12:10:17 +0000] "POST /auth/forgetpass HTTP/1.1" 200 4 "-" "PostmanRuntime/7.40.0"
2024-07-29T12:13:34.227Z [info]: Server listening on port 8001
2024-07-29T12:13:38.301Z [info]: Database connected
2024-07-29T12:15:41.967Z [info]: Server listening on port 8001
2024-07-29T12:15:46.099Z [info]: Database connected
2024-07-29T12:15:49.094Z [info]: ::1 - - [29/Jul/2024:12:15:49 +0000] "POST /auth/forgetpass HTTP/1.1" 200 4 "-" "PostmanRuntime/7.40.0"
2024-07-29T12:16:35.321Z [info]: ::1 - - [29/Jul/2024:12:16:35 +0000] "POST /auth/forgetpass HTTP/1.1" 200 4 "-" "PostmanRuntime/7.40.0"
2024-07-29T12:20:11.370Z [info]: Server listening on port 8001
2024-07-29T12:20:13.464Z [info]: Database connected
2024-07-29T12:20:53.344Z [info]: ::1 - - [29/Jul/2024:12:20:53 +0000] "POST /auth/forgetpass HTTP/1.1" 200 4 "-" "PostmanRuntime/7.40.0"
2024-07-29T12:21:20.468Z [info]: Server listening on port 8001
2024-07-29T12:21:23.366Z [info]: Database connected
2024-07-29T12:21:24.074Z [info]: ::1 - - [29/Jul/2024:12:21:24 +0000] "POST /auth/forgetpass HTTP/1.1" 200 4 "-" "PostmanRuntime/7.40.0"
2024-07-29T12:22:54.255Z [info]: Server listening on port 8001
2024-07-29T12:22:56.460Z [info]: Database connected
2024-07-29T12:23:23.884Z [info]: Server listening on port 8001
2024-07-29T12:23:26.343Z [info]: Database connected
2024-07-29T12:24:23.931Z [info]: Server listening on port 8001
2024-07-29T12:24:26.173Z [info]: Database connected
2024-07-29T12:24:28.104Z [info]: ::1 - - [29/Jul/2024:12:24:28 +0000] "POST /auth/forgetpass HTTP/1.1" 200 4 "-" "PostmanRuntime/7.40.0"
2024-07-29T12:26:35.028Z [info]: Server listening on port 8001
2024-07-29T12:26:36.631Z [info]: Database connected
